<?xml version="1.0" encoding="utf-8"?>
<TestRun id="3666f043-b66e-43b1-8b33-2f1a260df959" name="@Davinders-MacBook-Pro 2024-05-23 13:47:42" xmlns="http://microsoft.com/schemas/VisualStudio/TeamTest/2010">
  <Times creation="2024-05-23T13:47:42.1889360+05:30" queuing="2024-05-23T13:47:42.1889360+05:30" start="2024-05-23T13:47:41.5816480+05:30" finish="2024-05-23T13:47:42.1937050+05:30" />
  <TestSettings name="default" id="00227785-985f-4328-a844-3d12764034c0">
    <Deployment runDeploymentRoot="_Davinders-MacBook-Pro_2024-05-23_13_47_42" />
  </TestSettings>
  <Results>
    <UnitTestResult executionId="2176ed53-4508-43f4-b521-bf3c8cdac9f8" testId="8b3d4f3e-7cea-8aee-2948-4cdb74eacb80" testName="CreditCardValidator.Tests.CreditCardValidatorTests.LuhnCardValidation_WhenCardIsValid_ReturnsOk" computerName="Davinders-MacBook-Pro" duration="00:00:00.0600117" startTime="2024-05-23T13:47:42.1054520+05:30" endTime="2024-05-23T13:47:42.1054520+05:30" testType="13cdc9d9-ddb5-4fa4-a97d-d965ccfc6d4b" outcome="Passed" testListId="8c84fa94-04c1-424b-9868-57a2d4851a1d" relativeResultsDirectory="2176ed53-4508-43f4-b521-bf3c8cdac9f8" />
    <UnitTestResult executionId="f3144a2e-7876-4153-90d8-5fcb458efe6c" testId="c6277381-0725-b1e7-8cb1-a579d2ff4c23" testName="CreditCardValidator.Tests.VerhoeffCardValidationServiceTest.ValidateCard_WhenCardIsValid_ReturnsTrue" computerName="Davinders-MacBook-Pro" duration="00:00:00.0000557" startTime="2024-05-23T13:47:42.0543190+05:30" endTime="2024-05-23T13:47:42.0543190+05:30" testType="13cdc9d9-ddb5-4fa4-a97d-d965ccfc6d4b" outcome="Passed" testListId="8c84fa94-04c1-424b-9868-57a2d4851a1d" relativeResultsDirectory="f3144a2e-7876-4153-90d8-5fcb458efe6c" />
    <UnitTestResult executionId="e6640a24-37d5-4a48-9727-4fc37d4c41c0" testId="64424b32-f38b-3231-5b4e-4f2866886736" testName="CreditCardValidator.Tests.VerhoeffCardValidationServiceTest.ValidateCard_WhenCardIsInvalid_ReturnsFalse" computerName="Davinders-MacBook-Pro" duration="00:00:00.0046017" startTime="2024-05-23T13:47:42.0516940+05:30" endTime="2024-05-23T13:47:42.0517070+05:30" testType="13cdc9d9-ddb5-4fa4-a97d-d965ccfc6d4b" outcome="Passed" testListId="8c84fa94-04c1-424b-9868-57a2d4851a1d" relativeResultsDirectory="e6640a24-37d5-4a48-9727-4fc37d4c41c0" />
    <UnitTestResult executionId="4e407dd6-a2b8-4cdb-afa3-49ac510132e9" testId="dcbabdfc-22a4-9f63-95fe-5a5cae371bb4" testName="CreditCardValidator.Tests.LuhnCardValidationServiceTest.ValidateCard_WhenCardIsValid_ReturnsTrue" computerName="Davinders-MacBook-Pro" duration="00:00:00.0041954" startTime="2024-05-23T13:47:42.0536120+05:30" endTime="2024-05-23T13:47:42.0536130+05:30" testType="13cdc9d9-ddb5-4fa4-a97d-d965ccfc6d4b" outcome="Passed" testListId="8c84fa94-04c1-424b-9868-57a2d4851a1d" relativeResultsDirectory="4e407dd6-a2b8-4cdb-afa3-49ac510132e9" />
    <UnitTestResult executionId="d2b6f260-49ee-4e73-bd61-cf86aec22fc5" testId="d71b3d55-e912-d4e3-e40e-1faa15c82f5a" testName="CreditCardValidator.Tests.LuhnCardValidationServiceTest.ValidateCard_WhenCardIsInvalid_ReturnsFalse" computerName="Davinders-MacBook-Pro" duration="00:00:00.0000530" startTime="2024-05-23T13:47:42.0542870+05:30" endTime="2024-05-23T13:47:42.0542870+05:30" testType="13cdc9d9-ddb5-4fa4-a97d-d965ccfc6d4b" outcome="Passed" testListId="8c84fa94-04c1-424b-9868-57a2d4851a1d" relativeResultsDirectory="d2b6f260-49ee-4e73-bd61-cf86aec22fc5" />
    <UnitTestResult executionId="739b57e5-cdae-40c1-a52f-5bff2426a9d8" testId="505096bc-a9f3-913d-9e7e-762b1d954083" testName="CreditCardValidator.Tests.CreditCardValidatorTests.LuhnCardValidation_WhenCardIsInvalid_ReturnsBadRequest" computerName="Davinders-MacBook-Pro" duration="00:00:00.0014545" startTime="2024-05-23T13:47:42.1069400+05:30" endTime="2024-05-23T13:47:42.1069400+05:30" testType="13cdc9d9-ddb5-4fa4-a97d-d965ccfc6d4b" outcome="Passed" testListId="8c84fa94-04c1-424b-9868-57a2d4851a1d" relativeResultsDirectory="739b57e5-cdae-40c1-a52f-5bff2426a9d8" />
  </Results>
  <TestDefinitions>
    <UnitTest name="CreditCardValidator.Tests.VerhoeffCardValidationServiceTest.ValidateCard_WhenCardIsValid_ReturnsTrue" storage="/users/davinderpal/code/cardvalidator/creditcardvalidator.tests/bin/debug/net8.0/creditcardvalidator.tests.dll" id="c6277381-0725-b1e7-8cb1-a579d2ff4c23">
      <Execution id="f3144a2e-7876-4153-90d8-5fcb458efe6c" />
      <TestMethod codeBase="/Users/davinderpal/Code/CardValidator/CreditCardValidator.Tests/bin/Debug/net8.0/CreditCardValidator.Tests.dll" adapterTypeName="executor://xunit/VsTestRunner2/netcoreapp" className="CreditCardValidator.Tests.VerhoeffCardValidationServiceTest" name="ValidateCard_WhenCardIsValid_ReturnsTrue" />
    </UnitTest>
    <UnitTest name="CreditCardValidator.Tests.CreditCardValidatorTests.LuhnCardValidation_WhenCardIsValid_ReturnsOk" storage="/users/davinderpal/code/cardvalidator/creditcardvalidator.tests/bin/debug/net8.0/creditcardvalidator.tests.dll" id="8b3d4f3e-7cea-8aee-2948-4cdb74eacb80">
      <Execution id="2176ed53-4508-43f4-b521-bf3c8cdac9f8" />
      <TestMethod codeBase="/Users/davinderpal/Code/CardValidator/CreditCardValidator.Tests/bin/Debug/net8.0/CreditCardValidator.Tests.dll" adapterTypeName="executor://xunit/VsTestRunner2/netcoreapp" className="CreditCardValidator.Tests.CreditCardValidatorTests" name="LuhnCardValidation_WhenCardIsValid_ReturnsOk" />
    </UnitTest>
    <UnitTest name="CreditCardValidator.Tests.LuhnCardValidationServiceTest.ValidateCard_WhenCardIsInvalid_ReturnsFalse" storage="/users/davinderpal/code/cardvalidator/creditcardvalidator.tests/bin/debug/net8.0/creditcardvalidator.tests.dll" id="d71b3d55-e912-d4e3-e40e-1faa15c82f5a">
      <Execution id="d2b6f260-49ee-4e73-bd61-cf86aec22fc5" />
      <TestMethod codeBase="/Users/davinderpal/Code/CardValidator/CreditCardValidator.Tests/bin/Debug/net8.0/CreditCardValidator.Tests.dll" adapterTypeName="executor://xunit/VsTestRunner2/netcoreapp" className="CreditCardValidator.Tests.LuhnCardValidationServiceTest" name="ValidateCard_WhenCardIsInvalid_ReturnsFalse" />
    </UnitTest>
    <UnitTest name="CreditCardValidator.Tests.CreditCardValidatorTests.LuhnCardValidation_WhenCardIsInvalid_ReturnsBadRequest" storage="/users/davinderpal/code/cardvalidator/creditcardvalidator.tests/bin/debug/net8.0/creditcardvalidator.tests.dll" id="505096bc-a9f3-913d-9e7e-762b1d954083">
      <Execution id="739b57e5-cdae-40c1-a52f-5bff2426a9d8" />
      <TestMethod codeBase="/Users/davinderpal/Code/CardValidator/CreditCardValidator.Tests/bin/Debug/net8.0/CreditCardValidator.Tests.dll" adapterTypeName="executor://xunit/VsTestRunner2/netcoreapp" className="CreditCardValidator.Tests.CreditCardValidatorTests" name="LuhnCardValidation_WhenCardIsInvalid_ReturnsBadRequest" />
    </UnitTest>
    <UnitTest name="CreditCardValidator.Tests.LuhnCardValidationServiceTest.ValidateCard_WhenCardIsValid_ReturnsTrue" storage="/users/davinderpal/code/cardvalidator/creditcardvalidator.tests/bin/debug/net8.0/creditcardvalidator.tests.dll" id="dcbabdfc-22a4-9f63-95fe-5a5cae371bb4">
      <Execution id="4e407dd6-a2b8-4cdb-afa3-49ac510132e9" />
      <TestMethod codeBase="/Users/davinderpal/Code/CardValidator/CreditCardValidator.Tests/bin/Debug/net8.0/CreditCardValidator.Tests.dll" adapterTypeName="executor://xunit/VsTestRunner2/netcoreapp" className="CreditCardValidator.Tests.LuhnCardValidationServiceTest" name="ValidateCard_WhenCardIsValid_ReturnsTrue" />
    </UnitTest>
    <UnitTest name="CreditCardValidator.Tests.VerhoeffCardValidationServiceTest.ValidateCard_WhenCardIsInvalid_ReturnsFalse" storage="/users/davinderpal/code/cardvalidator/creditcardvalidator.tests/bin/debug/net8.0/creditcardvalidator.tests.dll" id="64424b32-f38b-3231-5b4e-4f2866886736">
      <Execution id="e6640a24-37d5-4a48-9727-4fc37d4c41c0" />
      <TestMethod codeBase="/Users/davinderpal/Code/CardValidator/CreditCardValidator.Tests/bin/Debug/net8.0/CreditCardValidator.Tests.dll" adapterTypeName="executor://xunit/VsTestRunner2/netcoreapp" className="CreditCardValidator.Tests.VerhoeffCardValidationServiceTest" name="ValidateCard_WhenCardIsInvalid_ReturnsFalse" />
    </UnitTest>
  </TestDefinitions>
  <TestEntries>
    <TestEntry testId="8b3d4f3e-7cea-8aee-2948-4cdb74eacb80" executionId="2176ed53-4508-43f4-b521-bf3c8cdac9f8" testListId="8c84fa94-04c1-424b-9868-57a2d4851a1d" />
    <TestEntry testId="c6277381-0725-b1e7-8cb1-a579d2ff4c23" executionId="f3144a2e-7876-4153-90d8-5fcb458efe6c" testListId="8c84fa94-04c1-424b-9868-57a2d4851a1d" />
    <TestEntry testId="64424b32-f38b-3231-5b4e-4f2866886736" executionId="e6640a24-37d5-4a48-9727-4fc37d4c41c0" testListId="8c84fa94-04c1-424b-9868-57a2d4851a1d" />
    <TestEntry testId="dcbabdfc-22a4-9f63-95fe-5a5cae371bb4" executionId="4e407dd6-a2b8-4cdb-afa3-49ac510132e9" testListId="8c84fa94-04c1-424b-9868-57a2d4851a1d" />
    <TestEntry testId="d71b3d55-e912-d4e3-e40e-1faa15c82f5a" executionId="d2b6f260-49ee-4e73-bd61-cf86aec22fc5" testListId="8c84fa94-04c1-424b-9868-57a2d4851a1d" />
    <TestEntry testId="505096bc-a9f3-913d-9e7e-762b1d954083" executionId="739b57e5-cdae-40c1-a52f-5bff2426a9d8" testListId="8c84fa94-04c1-424b-9868-57a2d4851a1d" />
  </TestEntries>
  <TestLists>
    <TestList name="Results Not in a List" id="8c84fa94-04c1-424b-9868-57a2d4851a1d" />
    <TestList name="All Loaded Results" id="19431567-8539-422a-85d7-44ee4e166bda" />
  </TestLists>
  <ResultSummary outcome="Completed">
    <Counters total="6" executed="6" passed="6" failed="0" error="0" timeout="0" aborted="0" inconclusive="0" passedButRunAborted="0" notRunnable="0" notExecuted="0" disconnected="0" warning="0" completed="0" inProgress="0" pending="0" />
    <Output>
      <StdOut>[xUnit.net 00:00:00.00] xUnit.net VSTest Adapter v2.5.3.1+6b60a9e56a (64-bit .NET 8.0.2)
[xUnit.net 00:00:00.06]   Discovering: CreditCardValidator.Tests
[xUnit.net 00:00:00.09]   Discovered:  CreditCardValidator.Tests
[xUnit.net 00:00:00.09]   Starting:    CreditCardValidator.Tests
[xUnit.net 00:00:00.18]   Finished:    CreditCardValidator.Tests
</StdOut>
    </Output>
  </ResultSummary>
</TestRun>